{"contracts\\enums.sol":{"l":{},"path":"C:\\Project\\PresaleSC\\contracts\\enums.sol","s":{},"b":{},"f":{},"fnMap":{},"statementMap":{},"branchMap":{}},"contracts\\errors.sol":{"l":{},"path":"C:\\Project\\PresaleSC\\contracts\\errors.sol","s":{},"b":{},"f":{},"fnMap":{},"statementMap":{},"branchMap":{}},"contracts\\membersonly.sol":{"l":{"9":0,"10":0,"14":0,"15":0,"29":0,"34":0,"39":0,"45":0},"path":"C:\\Project\\PresaleSC\\contracts\\membersonly.sol","s":{"1":0,"2":0,"3":0,"4":0},"b":{"1":[0,0],"2":[0,0],"3":[0,0]},"f":{"1":0,"2":0,"3":0,"4":0,"5":0,"6":0},"fnMap":{"1":{"name":"onlyOwner","line":8,"loc":{"start":{"line":8,"column":4},"end":{"line":11,"column":4}}},"2":{"name":"onlyAuthorizedUser","line":13,"loc":{"start":{"line":13,"column":4},"end":{"line":16,"column":4}}},"3":{"name":"constructor","line":28,"loc":{"start":{"line":28,"column":4},"end":{"line":30,"column":4}}},"4":{"name":"addAuthorizedUser","line":33,"loc":{"start":{"line":33,"column":4},"end":{"line":35,"column":4}}},"5":{"name":"isAuthorized","line":38,"loc":{"start":{"line":38,"column":4},"end":{"line":40,"column":4}}},"6":{"name":"isAuthorized","line":44,"loc":{"start":{"line":44,"column":4},"end":{"line":46,"column":4}}}},"statementMap":{"1":{"start":{"line":9,"column":8},"end":{"line":9,"column":41}},"2":{"start":{"line":14,"column":8},"end":{"line":14,"column":56}},"3":{"start":{"line":39,"column":8},"end":{"line":39,"column":39}},"4":{"start":{"line":45,"column":8},"end":{"line":45,"column":37}}},"branchMap":{"1":{"line":9,"type":"if","locations":[{"start":{"line":9,"column":8},"end":{"line":9,"column":8}},{"start":{"line":9,"column":8},"end":{"line":9,"column":8}}]},"2":{"line":14,"type":"if","locations":[{"start":{"line":14,"column":8},"end":{"line":14,"column":8}},{"start":{"line":14,"column":8},"end":{"line":14,"column":8}}]},"3":{"line":33,"type":"if","locations":[{"start":{"line":33,"column":54},"end":{"line":33,"column":54}},{"start":{"line":33,"column":54},"end":{"line":33,"column":54}}]}}},"contracts\\paymentmanager.sol":{"l":{"25":0,"26":0,"30":0,"34":0,"59":0,"60":0,"63":0,"64":0,"65":0,"66":0,"69":0,"70":0,"71":0,"73":0,"74":0,"75":0,"76":0,"78":0,"79":0,"80":0,"81":0,"82":0,"87":0,"95":0,"97":0,"98":0,"99":0,"106":0,"108":0,"111":0,"117":0,"124":0,"128":0,"132":0,"133":0,"134":0,"136":0,"140":0,"141":0,"142":0,"144":0},"path":"C:\\Project\\PresaleSC\\contracts\\paymentmanager.sol","s":{"1":0,"2":0,"3":0,"4":0,"5":0,"6":0,"7":0,"8":0,"9":0,"10":0,"11":0,"12":0,"13":0,"14":0,"15":0,"16":0,"17":0,"18":0,"19":0,"20":0,"21":0,"22":0},"b":{"1":[0,0],"2":[0,0],"3":[0,0],"4":[0,0],"5":[0,0],"6":[0,0],"7":[0,0],"8":[0,0],"9":[0,0]},"f":{"1":0,"2":0,"3":0,"4":0,"5":0,"6":0,"7":0,"8":0,"9":0,"10":0,"11":0},"fnMap":{"1":{"name":"onlyAuthorizedToken","line":24,"loc":{"start":{"line":24,"column":4},"end":{"line":27,"column":4}}},"2":{"name":"notUSD","line":29,"loc":{"start":{"line":29,"column":4},"end":{"line":35,"column":4}}},"3":{"name":"constructor","line":58,"loc":{"start":{"line":58,"column":4},"end":{"line":83,"column":4}}},"4":{"name":"authorizedTokens","line":86,"loc":{"start":{"line":86,"column":4},"end":{"line":88,"column":4}}},"5":{"name":"addAuthorizedToken","line":94,"loc":{"start":{"line":94,"column":4},"end":{"line":100,"column":4}}},"6":{"name":"getPrice","line":105,"loc":{"start":{"line":105,"column":4},"end":{"line":112,"column":4}}},"7":{"name":"setPrice","line":116,"loc":{"start":{"line":116,"column":4},"end":{"line":118,"column":4}}},"8":{"name":"_availableForSale","line":123,"loc":{"start":{"line":123,"column":4},"end":{"line":125,"column":4}}},"9":{"name":"_transfer","line":127,"loc":{"start":{"line":127,"column":4},"end":{"line":129,"column":4}}},"10":{"name":"_getAmountOf1XMMForToken","line":131,"loc":{"start":{"line":131,"column":4},"end":{"line":137,"column":4}}},"11":{"name":"_getAmountOfTokenFor1XMM","line":139,"loc":{"start":{"line":139,"column":4},"end":{"line":145,"column":4}}}},"statementMap":{"1":{"start":{"line":25,"column":8},"end":{"line":25,"column":69}},"2":{"start":{"line":30,"column":8},"end":{"line":30,"column":1278}},"3":{"start":{"line":69,"column":8},"end":{"line":69,"column":50}},"4":{"start":{"line":70,"column":8},"end":{"line":70,"column":62}},"5":{"start":{"line":71,"column":8},"end":{"line":71,"column":85}},"6":{"start":{"line":79,"column":8},"end":{"line":79,"column":86}},"7":{"start":{"line":80,"column":8},"end":{"line":80,"column":86}},"8":{"start":{"line":81,"column":8},"end":{"line":81,"column":86}},"9":{"start":{"line":82,"column":8},"end":{"line":82,"column":86}},"10":{"start":{"line":87,"column":8},"end":{"line":87,"column":36}},"11":{"start":{"line":95,"column":8},"end":{"line":95,"column":47}},"12":{"start":{"line":98,"column":8},"end":{"line":98,"column":40}},"13":{"start":{"line":106,"column":8},"end":{"line":106,"column":5552}},"14":{"start":{"line":111,"column":8},"end":{"line":111,"column":43}},"15":{"start":{"line":124,"column":8},"end":{"line":124,"column":52}},"16":{"start":{"line":128,"column":8},"end":{"line":128,"column":52}},"17":{"start":{"line":132,"column":8},"end":{"line":132,"column":62}},"18":{"start":{"line":133,"column":8},"end":{"line":133,"column":93}},"19":{"start":{"line":136,"column":8},"end":{"line":136,"column":27}},"20":{"start":{"line":140,"column":8},"end":{"line":140,"column":62}},"21":{"start":{"line":141,"column":8},"end":{"line":141,"column":71}},"22":{"start":{"line":144,"column":8},"end":{"line":144,"column":26}}},"branchMap":{"1":{"line":25,"type":"if","locations":[{"start":{"line":25,"column":8},"end":{"line":25,"column":8}},{"start":{"line":25,"column":8},"end":{"line":25,"column":8}}]},"2":{"line":25,"type":"cond-expr","locations":[{"start":{"line":25,"column":16},"end":{"line":25,"column":34}},{"start":{"line":25,"column":39},"end":{"line":25,"column":62}}]},"3":{"line":30,"type":"if","locations":[{"start":{"line":30,"column":8},"end":{"line":30,"column":8}},{"start":{"line":30,"column":8},"end":{"line":30,"column":8}}]},"4":{"line":94,"type":"if","locations":[{"start":{"line":94,"column":86},"end":{"line":94,"column":86}},{"start":{"line":94,"column":86},"end":{"line":94,"column":86}}]},"5":{"line":95,"type":"if","locations":[{"start":{"line":95,"column":8},"end":{"line":95,"column":8}},{"start":{"line":95,"column":8},"end":{"line":95,"column":8}}]},"6":{"line":105,"type":"if","locations":[{"start":{"line":105,"column":51},"end":{"line":105,"column":51}},{"start":{"line":105,"column":51},"end":{"line":105,"column":51}}]},"7":{"line":106,"type":"if","locations":[{"start":{"line":106,"column":8},"end":{"line":106,"column":8}},{"start":{"line":106,"column":8},"end":{"line":106,"column":8}}]},"8":{"line":116,"type":"if","locations":[{"start":{"line":116,"column":60},"end":{"line":116,"column":60}},{"start":{"line":116,"column":60},"end":{"line":116,"column":60}}]},"9":{"line":116,"type":"if","locations":[{"start":{"line":116,"column":70},"end":{"line":116,"column":70}},{"start":{"line":116,"column":70},"end":{"line":116,"column":70}}]}}},"contracts\\presalecontract.sol":{"l":{"14":0,"15":0,"19":0,"20":0,"24":0,"25":0,"43":0,"44":0,"45":0,"46":0,"51":0,"57":0,"62":0,"63":0,"64":0,"66":0,"68":0,"69":0,"70":0,"72":0,"76":0,"77":0,"81":0,"82":0,"83":0,"89":0,"90":0,"91":0,"98":0,"99":0,"101":0,"103":0,"106":0,"108":0,"109":0,"110":0,"113":0,"115":0,"116":0,"117":0,"120":0,"122":0,"123":0,"124":0,"126":0,"127":0,"131":0,"132":0,"143":0,"144":0,"145":0,"155":0,"156":0,"158":0,"160":0,"161":0,"162":0,"165":0,"166":0,"169":0,"176":0,"177":0,"178":0,"183":0},"path":"C:\\Project\\PresaleSC\\contracts\\presalecontract.sol","s":{"1":0,"2":0,"3":0,"4":0,"5":0,"6":0,"7":0,"8":0,"9":0,"10":0,"11":0,"12":0,"13":0,"14":0,"15":0,"16":0,"17":0,"18":0,"19":0,"20":0,"21":0,"22":0,"23":0,"24":0,"25":0,"26":0,"27":0,"28":0,"29":0,"30":0,"31":0,"32":0,"33":0,"34":0,"35":0,"36":0,"37":0,"38":0,"39":0,"40":0,"41":0,"42":0},"b":{"1":[0,0],"2":[0,0],"3":[0,0],"4":[0,0],"5":[0,0],"6":[0,0],"7":[0,0],"8":[0,0],"9":[0,0],"10":[0,0],"11":[0,0],"12":[0,0],"13":[0,0],"14":[0,0],"15":[0,0],"16":[0,0],"17":[0,0],"18":[0,0],"19":[0,0],"20":[0,0],"21":[0,0],"22":[0,0],"23":[0,0],"24":[0,0],"25":[0,0],"26":[0,0],"27":[0,0],"28":[0,0],"29":[0,0],"30":[0,0],"31":[0,0],"32":[0,0]},"f":{"1":0,"2":0,"3":0,"4":0,"5":0,"6":0,"7":0,"8":0,"9":0,"10":0,"11":0,"12":0,"13":0},"fnMap":{"1":{"name":"presaleActive","line":13,"loc":{"start":{"line":13,"column":4},"end":{"line":16,"column":4}}},"2":{"name":"onlyReceivingAccount","line":18,"loc":{"start":{"line":18,"column":4},"end":{"line":21,"column":4}}},"3":{"name":"onlyReceivingAccountOrOwner","line":23,"loc":{"start":{"line":23,"column":4},"end":{"line":26,"column":4}}},"4":{"name":"constructor","line":42,"loc":{"start":{"line":42,"column":4},"end":{"line":47,"column":4}}},"5":{"name":"availableForSale","line":50,"loc":{"start":{"line":50,"column":4},"end":{"line":52,"column":4}}},"6":{"name":"isActive","line":56,"loc":{"start":{"line":56,"column":4},"end":{"line":58,"column":4}}},"7":{"name":"exchangeETH","line":61,"loc":{"start":{"line":61,"column":4},"end":{"line":85,"column":4}}},"8":{"name":"transferETHToReceivingAccount","line":88,"loc":{"start":{"line":88,"column":4},"end":{"line":92,"column":4}}},"9":{"name":"exchangeToken","line":97,"loc":{"start":{"line":97,"column":4},"end":{"line":134,"column":4}}},"10":{"name":"lockAmount","line":142,"loc":{"start":{"line":142,"column":4},"end":{"line":146,"column":4}}},"11":{"name":"transfer","line":154,"loc":{"start":{"line":154,"column":4},"end":{"line":170,"column":4}}},"12":{"name":"unlockAmount","line":175,"loc":{"start":{"line":175,"column":4},"end":{"line":179,"column":4}}},"13":{"name":"endPresale","line":182,"loc":{"start":{"line":182,"column":4},"end":{"line":184,"column":4}}}},"statementMap":{"1":{"start":{"line":14,"column":8},"end":{"line":14,"column":94}},"2":{"start":{"line":19,"column":8},"end":{"line":19,"column":52}},"3":{"start":{"line":24,"column":8},"end":{"line":24,"column":75}},"4":{"start":{"line":44,"column":8},"end":{"line":44,"column":76}},"5":{"start":{"line":51,"column":8},"end":{"line":51,"column":55}},"6":{"start":{"line":57,"column":8},"end":{"line":57,"column":86}},"7":{"start":{"line":62,"column":8},"end":{"line":62,"column":34}},"8":{"start":{"line":63,"column":8},"end":{"line":63,"column":50}},"9":{"start":{"line":64,"column":8},"end":{"line":64,"column":62}},"10":{"start":{"line":66,"column":8},"end":{"line":66,"column":114}},"11":{"start":{"line":68,"column":8},"end":{"line":68,"column":2651}},"12":{"start":{"line":72,"column":12},"end":{"line":72,"column":59}},"13":{"start":{"line":76,"column":8},"end":{"line":76,"column":2980}},"14":{"start":{"line":77,"column":12},"end":{"line":77,"column":74}},"15":{"start":{"line":81,"column":12},"end":{"line":81,"column":72}},"16":{"start":{"line":82,"column":12},"end":{"line":82,"column":47}},"17":{"start":{"line":89,"column":8},"end":{"line":89,"column":47}},"18":{"start":{"line":90,"column":8},"end":{"line":90,"column":91}},"19":{"start":{"line":91,"column":8},"end":{"line":91,"column":48}},"20":{"start":{"line":98,"column":8},"end":{"line":98,"column":50}},"21":{"start":{"line":99,"column":8},"end":{"line":99,"column":62}},"22":{"start":{"line":101,"column":8},"end":{"line":101,"column":44}},"23":{"start":{"line":103,"column":8},"end":{"line":103,"column":4576}},"24":{"start":{"line":106,"column":8},"end":{"line":106,"column":68}},"25":{"start":{"line":108,"column":8},"end":{"line":108,"column":4749}},"26":{"start":{"line":113,"column":8},"end":{"line":113,"column":87}},"27":{"start":{"line":115,"column":8},"end":{"line":115,"column":5016}},"28":{"start":{"line":116,"column":12},"end":{"line":116,"column":5048}},"29":{"start":{"line":117,"column":16},"end":{"line":117,"column":73}},"30":{"start":{"line":122,"column":16},"end":{"line":122,"column":5316}},"31":{"start":{"line":123,"column":20},"end":{"line":123,"column":75}},"32":{"start":{"line":126,"column":20},"end":{"line":126,"column":86}},"33":{"start":{"line":131,"column":12},"end":{"line":131,"column":67}},"34":{"start":{"line":143,"column":8},"end":{"line":143,"column":56}},"35":{"start":{"line":155,"column":8},"end":{"line":155,"column":56}},"36":{"start":{"line":158,"column":8},"end":{"line":158,"column":48}},"37":{"start":{"line":160,"column":8},"end":{"line":160,"column":7388}},"38":{"start":{"line":161,"column":12},"end":{"line":161,"column":39}},"39":{"start":{"line":162,"column":12},"end":{"line":162,"column":82}},"40":{"start":{"line":165,"column":12},"end":{"line":165,"column":80}},"41":{"start":{"line":169,"column":8},"end":{"line":169,"column":22}},"42":{"start":{"line":176,"column":8},"end":{"line":176,"column":68}}},"branchMap":{"1":{"line":14,"type":"if","locations":[{"start":{"line":14,"column":8},"end":{"line":14,"column":8}},{"start":{"line":14,"column":8},"end":{"line":14,"column":8}}]},"2":{"line":19,"type":"if","locations":[{"start":{"line":19,"column":8},"end":{"line":19,"column":8}},{"start":{"line":19,"column":8},"end":{"line":19,"column":8}}]},"3":{"line":24,"type":"if","locations":[{"start":{"line":24,"column":8},"end":{"line":24,"column":8}},{"start":{"line":24,"column":8},"end":{"line":24,"column":8}}]},"4":{"line":24,"type":"cond-expr","locations":[{"start":{"line":24,"column":16},"end":{"line":24,"column":45}},{"start":{"line":24,"column":50},"end":{"line":24,"column":68}}]},"5":{"line":44,"type":"if","locations":[{"start":{"line":44,"column":8},"end":{"line":44,"column":8}},{"start":{"line":44,"column":8},"end":{"line":44,"column":8}}]},"6":{"line":61,"type":"if","locations":[{"start":{"line":61,"column":44},"end":{"line":61,"column":44}},{"start":{"line":61,"column":44},"end":{"line":61,"column":44}}]},"7":{"line":61,"type":"if","locations":[{"start":{"line":61,"column":58},"end":{"line":61,"column":58}},{"start":{"line":61,"column":58},"end":{"line":61,"column":58}}]},"8":{"line":64,"type":"if","locations":[{"start":{"line":64,"column":8},"end":{"line":64,"column":8}},{"start":{"line":64,"column":8},"end":{"line":64,"column":8}}]},"9":{"line":68,"type":"if","locations":[{"start":{"line":68,"column":8},"end":{"line":68,"column":8}},{"start":{"line":68,"column":8},"end":{"line":68,"column":8}}]},"10":{"line":76,"type":"if","locations":[{"start":{"line":76,"column":8},"end":{"line":76,"column":8}},{"start":{"line":76,"column":8},"end":{"line":76,"column":8}}]},"11":{"line":88,"type":"if","locations":[{"start":{"line":88,"column":67},"end":{"line":88,"column":67}},{"start":{"line":88,"column":67},"end":{"line":88,"column":67}}]},"12":{"line":90,"type":"if","locations":[{"start":{"line":90,"column":8},"end":{"line":90,"column":8}},{"start":{"line":90,"column":8},"end":{"line":90,"column":8}}]},"13":{"line":97,"type":"if","locations":[{"start":{"line":97,"column":67},"end":{"line":97,"column":67}},{"start":{"line":97,"column":67},"end":{"line":97,"column":67}}]},"14":{"line":97,"type":"if","locations":[{"start":{"line":97,"column":81},"end":{"line":97,"column":81}},{"start":{"line":97,"column":81},"end":{"line":97,"column":81}}]},"15":{"line":97,"type":"if","locations":[{"start":{"line":97,"column":108},"end":{"line":97,"column":108}},{"start":{"line":97,"column":108},"end":{"line":97,"column":108}}]},"16":{"line":99,"type":"if","locations":[{"start":{"line":99,"column":8},"end":{"line":99,"column":8}},{"start":{"line":99,"column":8},"end":{"line":99,"column":8}}]},"17":{"line":103,"type":"if","locations":[{"start":{"line":103,"column":8},"end":{"line":103,"column":8}},{"start":{"line":103,"column":8},"end":{"line":103,"column":8}}]},"18":{"line":108,"type":"if","locations":[{"start":{"line":108,"column":8},"end":{"line":108,"column":8}},{"start":{"line":108,"column":8},"end":{"line":108,"column":8}}]},"19":{"line":115,"type":"if","locations":[{"start":{"line":115,"column":8},"end":{"line":115,"column":8}},{"start":{"line":115,"column":8},"end":{"line":115,"column":8}}]},"20":{"line":116,"type":"if","locations":[{"start":{"line":116,"column":12},"end":{"line":116,"column":12}},{"start":{"line":116,"column":12},"end":{"line":116,"column":12}}]},"21":{"line":122,"type":"if","locations":[{"start":{"line":122,"column":16},"end":{"line":122,"column":16}},{"start":{"line":122,"column":16},"end":{"line":122,"column":16}}]},"22":{"line":142,"type":"if","locations":[{"start":{"line":142,"column":74},"end":{"line":142,"column":74}},{"start":{"line":142,"column":74},"end":{"line":142,"column":74}}]},"23":{"line":142,"type":"if","locations":[{"start":{"line":142,"column":84},"end":{"line":142,"column":84}},{"start":{"line":142,"column":84},"end":{"line":142,"column":84}}]},"24":{"line":143,"type":"if","locations":[{"start":{"line":143,"column":8},"end":{"line":143,"column":8}},{"start":{"line":143,"column":8},"end":{"line":143,"column":8}}]},"25":{"line":154,"type":"if","locations":[{"start":{"line":154,"column":96},"end":{"line":154,"column":96}},{"start":{"line":154,"column":96},"end":{"line":154,"column":96}}]},"26":{"line":154,"type":"if","locations":[{"start":{"line":154,"column":106},"end":{"line":154,"column":106}},{"start":{"line":154,"column":106},"end":{"line":154,"column":106}}]},"27":{"line":155,"type":"if","locations":[{"start":{"line":155,"column":8},"end":{"line":155,"column":8}},{"start":{"line":155,"column":8},"end":{"line":155,"column":8}}]},"28":{"line":160,"type":"if","locations":[{"start":{"line":160,"column":8},"end":{"line":160,"column":8}},{"start":{"line":160,"column":8},"end":{"line":160,"column":8}}]},"29":{"line":175,"type":"if","locations":[{"start":{"line":175,"column":77},"end":{"line":175,"column":77}},{"start":{"line":175,"column":77},"end":{"line":175,"column":77}}]},"30":{"line":175,"type":"if","locations":[{"start":{"line":175,"column":87},"end":{"line":175,"column":87}},{"start":{"line":175,"column":87},"end":{"line":175,"column":87}}]},"31":{"line":176,"type":"if","locations":[{"start":{"line":176,"column":8},"end":{"line":176,"column":8}},{"start":{"line":176,"column":8},"end":{"line":176,"column":8}}]},"32":{"line":182,"type":"if","locations":[{"start":{"line":182,"column":35},"end":{"line":182,"column":35}},{"start":{"line":182,"column":35},"end":{"line":182,"column":35}}]}}},"contracts\\tests\\dummy_erc20.sol":{"l":{"9":0},"path":"C:\\Project\\PresaleSC\\contracts\\tests\\dummy_erc20.sol","s":{"1":0},"b":{},"f":{"1":0},"fnMap":{"1":{"name":"constructor","line":7,"loc":{"start":{"line":7,"column":4},"end":{"line":10,"column":4}}}},"statementMap":{"1":{"start":{"line":9,"column":8},"end":{"line":9,"column":55}}},"branchMap":{}}}