{"contracts\\enums.sol":{"l":{},"path":"C:\\Project\\PresaleSC\\contracts\\enums.sol","s":{},"b":{},"f":{},"fnMap":{},"statementMap":{},"branchMap":{}},"contracts\\errors.sol":{"l":{},"path":"C:\\Project\\PresaleSC\\contracts\\errors.sol","s":{},"b":{},"f":{},"fnMap":{},"statementMap":{},"branchMap":{}},"contracts\\interfaces\\IUSDT.sol":{"l":{},"path":"C:\\Project\\PresaleSC\\contracts\\interfaces\\IUSDT.sol","s":{},"b":{},"f":{},"fnMap":{},"statementMap":{},"branchMap":{}},"contracts\\membersonly.sol":{"l":{"9":46,"10":43,"14":12,"15":10,"29":21,"34":12,"39":1,"44":4,"50":2,"56":6},"path":"C:\\Project\\PresaleSC\\contracts\\membersonly.sol","s":{"1":46,"2":12,"3":1,"4":4,"5":2,"6":6},"b":{"1":[43,3],"2":[10,2],"3":[12,1],"4":[1,0],"5":[2,0]},"f":{"1":46,"2":12,"3":21,"4":12,"5":1,"6":4,"7":2,"8":6},"fnMap":{"1":{"name":"onlyOwner","line":8,"loc":{"start":{"line":8,"column":4},"end":{"line":11,"column":4}}},"2":{"name":"onlyAuthorizedUser","line":13,"loc":{"start":{"line":13,"column":4},"end":{"line":16,"column":4}}},"3":{"name":"constructor","line":28,"loc":{"start":{"line":28,"column":4},"end":{"line":30,"column":4}}},"4":{"name":"addAuthorizedUser","line":33,"loc":{"start":{"line":33,"column":4},"end":{"line":35,"column":4}}},"5":{"name":"addAuthorizedUsers","line":38,"loc":{"start":{"line":38,"column":4},"end":{"line":40,"column":4}}},"6":{"name":"isAuthorized","line":43,"loc":{"start":{"line":43,"column":4},"end":{"line":45,"column":4}}},"7":{"name":"isAuthorized","line":49,"loc":{"start":{"line":49,"column":4},"end":{"line":51,"column":4}}},"8":{"name":"_isAuthorized","line":55,"loc":{"start":{"line":55,"column":4},"end":{"line":57,"column":4}}}},"statementMap":{"1":{"start":{"line":9,"column":8},"end":{"line":9,"column":41}},"2":{"start":{"line":14,"column":8},"end":{"line":14,"column":56}},"3":{"start":{"line":39,"column":8},"end":{"line":39,"column":83}},"4":{"start":{"line":44,"column":8},"end":{"line":44,"column":40}},"5":{"start":{"line":50,"column":8},"end":{"line":50,"column":34}},"6":{"start":{"line":56,"column":8},"end":{"line":56,"column":37}}},"branchMap":{"1":{"line":9,"type":"if","locations":[{"start":{"line":9,"column":8},"end":{"line":9,"column":8}},{"start":{"line":9,"column":8},"end":{"line":9,"column":8}}]},"2":{"line":14,"type":"if","locations":[{"start":{"line":14,"column":8},"end":{"line":14,"column":8}},{"start":{"line":14,"column":8},"end":{"line":14,"column":8}}]},"3":{"line":33,"type":"if","locations":[{"start":{"line":33,"column":54},"end":{"line":33,"column":54}},{"start":{"line":33,"column":54},"end":{"line":33,"column":54}}]},"4":{"line":38,"type":"if","locations":[{"start":{"line":38,"column":65},"end":{"line":38,"column":65}},{"start":{"line":38,"column":65},"end":{"line":38,"column":65}}]},"5":{"line":49,"type":"if","locations":[{"start":{"line":49,"column":54},"end":{"line":49,"column":54}},{"start":{"line":49,"column":54},"end":{"line":49,"column":54}}]}}},"contracts\\paymentmanager.sol":{"l":{"21":22,"22":20,"26":3,"30":2,"55":21,"56":21,"59":21,"60":21,"61":21,"62":21,"65":21,"66":21,"67":21,"69":21,"70":21,"71":21,"72":21,"74":21,"75":21,"76":21,"77":21,"78":21,"83":1,"91":10,"93":9,"94":9,"95":9,"103":8,"105":1,"108":8,"116":2,"123":40,"127":9,"131":12,"132":12,"133":12,"135":12,"139":3,"140":3,"141":3,"143":3},"path":"C:\\Project\\PresaleSC\\contracts\\paymentmanager.sol","s":{"1":22,"2":3,"3":21,"4":21,"5":21,"6":21,"7":21,"8":21,"9":21,"10":1,"11":10,"12":9,"13":8,"14":8,"15":40,"16":9,"17":12,"18":12,"19":12,"20":3,"21":3,"22":3},"b":{"1":[20,2],"2":[1,19],"3":[2,1],"4":[10,0],"5":[9,1],"6":[8,1],"7":[1,7],"8":[3,1],"9":[2,1]},"f":{"1":22,"2":3,"3":21,"4":1,"5":10,"6":8,"7":2,"8":40,"9":9,"10":12,"11":3},"fnMap":{"1":{"name":"onlyAuthorizedToken","line":20,"loc":{"start":{"line":20,"column":4},"end":{"line":23,"column":4}}},"2":{"name":"notUSD","line":25,"loc":{"start":{"line":25,"column":4},"end":{"line":31,"column":4}}},"3":{"name":"constructor","line":54,"loc":{"start":{"line":54,"column":4},"end":{"line":79,"column":4}}},"4":{"name":"authorizedTokens","line":82,"loc":{"start":{"line":82,"column":4},"end":{"line":84,"column":4}}},"5":{"name":"addAuthorizedToken","line":90,"loc":{"start":{"line":90,"column":4},"end":{"line":96,"column":4}}},"6":{"name":"getPrice","line":102,"loc":{"start":{"line":102,"column":4},"end":{"line":109,"column":4}}},"7":{"name":"setPrice","line":115,"loc":{"start":{"line":115,"column":4},"end":{"line":117,"column":4}}},"8":{"name":"_availableForSale","line":122,"loc":{"start":{"line":122,"column":4},"end":{"line":124,"column":4}}},"9":{"name":"_transfer","line":126,"loc":{"start":{"line":126,"column":4},"end":{"line":128,"column":4}}},"10":{"name":"_getAmountOf1XMMForToken","line":130,"loc":{"start":{"line":130,"column":4},"end":{"line":136,"column":4}}},"11":{"name":"_getAmountOfTokenFor1XMM","line":138,"loc":{"start":{"line":138,"column":4},"end":{"line":144,"column":4}}}},"statementMap":{"1":{"start":{"line":21,"column":8},"end":{"line":21,"column":69}},"2":{"start":{"line":26,"column":8},"end":{"line":26,"column":1009}},"3":{"start":{"line":65,"column":8},"end":{"line":65,"column":50}},"4":{"start":{"line":66,"column":8},"end":{"line":66,"column":62}},"5":{"start":{"line":67,"column":8},"end":{"line":67,"column":85}},"6":{"start":{"line":75,"column":8},"end":{"line":75,"column":86}},"7":{"start":{"line":76,"column":8},"end":{"line":76,"column":86}},"8":{"start":{"line":77,"column":8},"end":{"line":77,"column":86}},"9":{"start":{"line":78,"column":8},"end":{"line":78,"column":86}},"10":{"start":{"line":83,"column":8},"end":{"line":83,"column":36}},"11":{"start":{"line":91,"column":8},"end":{"line":91,"column":47}},"12":{"start":{"line":94,"column":8},"end":{"line":94,"column":40}},"13":{"start":{"line":103,"column":8},"end":{"line":103,"column":5356}},"14":{"start":{"line":108,"column":8},"end":{"line":108,"column":43}},"15":{"start":{"line":123,"column":8},"end":{"line":123,"column":52}},"16":{"start":{"line":127,"column":8},"end":{"line":127,"column":52}},"17":{"start":{"line":131,"column":8},"end":{"line":131,"column":62}},"18":{"start":{"line":132,"column":8},"end":{"line":132,"column":93}},"19":{"start":{"line":135,"column":8},"end":{"line":135,"column":27}},"20":{"start":{"line":139,"column":8},"end":{"line":139,"column":62}},"21":{"start":{"line":140,"column":8},"end":{"line":140,"column":71}},"22":{"start":{"line":143,"column":8},"end":{"line":143,"column":26}}},"branchMap":{"1":{"line":21,"type":"if","locations":[{"start":{"line":21,"column":8},"end":{"line":21,"column":8}},{"start":{"line":21,"column":8},"end":{"line":21,"column":8}}]},"2":{"line":21,"type":"cond-expr","locations":[{"start":{"line":21,"column":16},"end":{"line":21,"column":34}},{"start":{"line":21,"column":39},"end":{"line":21,"column":62}}]},"3":{"line":26,"type":"if","locations":[{"start":{"line":26,"column":8},"end":{"line":26,"column":8}},{"start":{"line":26,"column":8},"end":{"line":26,"column":8}}]},"4":{"line":90,"type":"if","locations":[{"start":{"line":90,"column":86},"end":{"line":90,"column":86}},{"start":{"line":90,"column":86},"end":{"line":90,"column":86}}]},"5":{"line":91,"type":"if","locations":[{"start":{"line":91,"column":8},"end":{"line":91,"column":8}},{"start":{"line":91,"column":8},"end":{"line":91,"column":8}}]},"6":{"line":102,"type":"if","locations":[{"start":{"line":102,"column":51},"end":{"line":102,"column":51}},{"start":{"line":102,"column":51},"end":{"line":102,"column":51}}]},"7":{"line":103,"type":"if","locations":[{"start":{"line":103,"column":8},"end":{"line":103,"column":8}},{"start":{"line":103,"column":8},"end":{"line":103,"column":8}}]},"8":{"line":115,"type":"if","locations":[{"start":{"line":115,"column":60},"end":{"line":115,"column":60}},{"start":{"line":115,"column":60},"end":{"line":115,"column":60}}]},"9":{"line":115,"type":"if","locations":[{"start":{"line":115,"column":70},"end":{"line":115,"column":70}},{"start":{"line":115,"column":70},"end":{"line":115,"column":70}}]}}},"contracts\\presalecontract.sol":{"l":{"17":28,"18":24,"22":0,"23":0,"27":1,"28":1,"46":20,"47":20,"48":20,"49":20,"54":39,"60":4,"67":3,"69":0,"72":3,"73":3,"75":3,"76":3,"81":2,"82":2,"83":2,"85":2,"87":2,"88":0,"89":0,"91":0,"95":2,"96":2,"97":2,"100":0,"106":1,"107":1,"108":1,"115":7,"116":7,"118":7,"120":7,"124":7,"126":6,"128":6,"129":3,"130":3,"136":6,"140":6,"141":6,"144":6,"145":6,"147":0,"154":0,"156":0,"157":0,"158":0,"160":0,"161":0,"172":6,"173":4,"174":4,"184":2,"185":1,"187":1,"188":1,"189":1,"192":0,"193":0,"196":1,"202":1,"203":1,"210":4,"211":2,"212":2,"217":0,"221":4},"path":"C:\\Project\\PresaleSC\\contracts\\presalecontract.sol","s":{"1":28,"2":0,"3":1,"4":20,"5":39,"6":4,"7":3,"8":3,"9":3,"10":3,"11":3,"12":2,"13":2,"14":2,"15":2,"16":2,"17":0,"18":2,"19":2,"20":0,"21":2,"22":1,"23":1,"24":1,"25":7,"26":7,"27":7,"28":7,"29":7,"30":6,"31":6,"32":6,"33":6,"34":6,"35":0,"36":6,"37":6,"38":3,"39":6,"40":0,"41":0,"42":0,"43":0,"44":0,"45":0,"46":6,"47":2,"48":1,"49":1,"50":1,"51":1,"52":0,"53":1,"54":1,"55":1,"56":4},"b":{"1":[24,4],"2":[0,0],"3":[1,0],"4":[1,0],"5":[20,0],"6":[3,0],"7":[0,3],"8":[1,2],"9":[3,1],"10":[2,1],"11":[2,0],"12":[0,2],"13":[2,0],"14":[0,2],"15":[1,0],"16":[0,1],"17":[9,1],"18":[8,1],"19":[7,1],"20":[7,0],"21":[0,7],"22":[6,1],"23":[3,3],"24":[0,6],"25":[6,0],"26":[0,6],"27":[3,3],"28":[0,0],"29":[0,0],"30":[7,0],"31":[6,1],"32":[4,2],"33":[3,1],"34":[2,1],"35":[1,1],"36":[1,0],"37":[1,0],"38":[4,0],"39":[4,0],"40":[2,2],"41":[0,0]},"f":{"1":28,"2":0,"3":1,"4":20,"5":39,"6":4,"7":3,"8":2,"9":1,"10":7,"11":0,"12":6,"13":2,"14":1,"15":4,"16":0,"17":4},"fnMap":{"1":{"name":"presaleActive","line":16,"loc":{"start":{"line":16,"column":4},"end":{"line":19,"column":4}}},"2":{"name":"onlyReceivingAccount","line":21,"loc":{"start":{"line":21,"column":4},"end":{"line":24,"column":4}}},"3":{"name":"onlyReceivingAccountOrOwner","line":26,"loc":{"start":{"line":26,"column":4},"end":{"line":29,"column":4}}},"4":{"name":"constructor","line":45,"loc":{"start":{"line":45,"column":4},"end":{"line":50,"column":4}}},"5":{"name":"availableForSale","line":53,"loc":{"start":{"line":53,"column":4},"end":{"line":55,"column":4}}},"6":{"name":"isActive","line":59,"loc":{"start":{"line":59,"column":4},"end":{"line":61,"column":4}}},"7":{"name":"getExpectedAmountOf1XMM","line":66,"loc":{"start":{"line":66,"column":4},"end":{"line":77,"column":4}}},"8":{"name":"exchangeETH","line":80,"loc":{"start":{"line":80,"column":4},"end":{"line":102,"column":4}}},"9":{"name":"transferETHToReceivingAccount","line":105,"loc":{"start":{"line":105,"column":4},"end":{"line":109,"column":4}}},"10":{"name":"exchangeToken","line":114,"loc":{"start":{"line":114,"column":4},"end":{"line":149,"column":4}}},"11":{"name":"transferAuthorizedTokensToReceivingAccount","line":153,"loc":{"start":{"line":153,"column":4},"end":{"line":163,"column":4}}},"12":{"name":"lockAmount","line":171,"loc":{"start":{"line":171,"column":4},"end":{"line":175,"column":4}}},"13":{"name":"transfer","line":183,"loc":{"start":{"line":183,"column":4},"end":{"line":197,"column":4}}},"14":{"name":"transferRemainingTokens","line":201,"loc":{"start":{"line":201,"column":4},"end":{"line":204,"column":4}}},"15":{"name":"unlockAmount","line":209,"loc":{"start":{"line":209,"column":4},"end":{"line":213,"column":4}}},"16":{"name":"endPresale","line":216,"loc":{"start":{"line":216,"column":4},"end":{"line":218,"column":4}}},"17":{"name":"_endPresale","line":220,"loc":{"start":{"line":220,"column":4},"end":{"line":222,"column":4}}}},"statementMap":{"1":{"start":{"line":17,"column":8},"end":{"line":17,"column":94}},"2":{"start":{"line":22,"column":8},"end":{"line":22,"column":52}},"3":{"start":{"line":27,"column":8},"end":{"line":27,"column":75}},"4":{"start":{"line":47,"column":8},"end":{"line":47,"column":76}},"5":{"start":{"line":54,"column":8},"end":{"line":54,"column":55}},"6":{"start":{"line":60,"column":8},"end":{"line":60,"column":86}},"7":{"start":{"line":67,"column":8},"end":{"line":67,"column":2803}},"8":{"start":{"line":72,"column":8},"end":{"line":72,"column":50}},"9":{"start":{"line":73,"column":8},"end":{"line":73,"column":68}},"10":{"start":{"line":75,"column":8},"end":{"line":75,"column":66}},"11":{"start":{"line":76,"column":8},"end":{"line":76,"column":25}},"12":{"start":{"line":81,"column":8},"end":{"line":81,"column":34}},"13":{"start":{"line":82,"column":8},"end":{"line":82,"column":50}},"14":{"start":{"line":83,"column":8},"end":{"line":83,"column":62}},"15":{"start":{"line":85,"column":8},"end":{"line":85,"column":114}},"16":{"start":{"line":87,"column":8},"end":{"line":87,"column":3657}},"17":{"start":{"line":91,"column":12},"end":{"line":91,"column":59}},"18":{"start":{"line":95,"column":8},"end":{"line":95,"column":3986}},"19":{"start":{"line":96,"column":12},"end":{"line":96,"column":54}},"20":{"start":{"line":96,"column":41},"end":{"line":96,"column":53}},"21":{"start":{"line":97,"column":12},"end":{"line":97,"column":74}},"22":{"start":{"line":106,"column":8},"end":{"line":106,"column":47}},"23":{"start":{"line":107,"column":8},"end":{"line":107,"column":91}},"24":{"start":{"line":108,"column":8},"end":{"line":108,"column":48}},"25":{"start":{"line":115,"column":8},"end":{"line":115,"column":50}},"26":{"start":{"line":116,"column":8},"end":{"line":116,"column":62}},"27":{"start":{"line":118,"column":8},"end":{"line":118,"column":84}},"28":{"start":{"line":120,"column":8},"end":{"line":120,"column":5341}},"29":{"start":{"line":124,"column":8},"end":{"line":124,"column":52}},"30":{"start":{"line":126,"column":8},"end":{"line":126,"column":68}},"31":{"start":{"line":128,"column":8},"end":{"line":128,"column":5690}},"32":{"start":{"line":136,"column":8},"end":{"line":136,"column":6183}},"33":{"start":{"line":140,"column":8},"end":{"line":140,"column":6321}},"34":{"start":{"line":141,"column":12},"end":{"line":141,"column":6458}},"35":{"start":{"line":141,"column":24},"end":{"line":141,"column":84}},"36":{"start":{"line":142,"column":17},"end":{"line":142,"column":79}},"37":{"start":{"line":144,"column":12},"end":{"line":144,"column":54}},"38":{"start":{"line":144,"column":41},"end":{"line":144,"column":53}},"39":{"start":{"line":145,"column":12},"end":{"line":145,"column":69}},"40":{"start":{"line":154,"column":8},"end":{"line":154,"column":84}},"41":{"start":{"line":156,"column":8},"end":{"line":156,"column":7143}},"42":{"start":{"line":157,"column":12},"end":{"line":157,"column":46}},"43":{"start":{"line":158,"column":12},"end":{"line":158,"column":91}},"44":{"start":{"line":160,"column":12},"end":{"line":160,"column":48}},"45":{"start":{"line":161,"column":12},"end":{"line":161,"column":106}},"46":{"start":{"line":172,"column":8},"end":{"line":172,"column":56}},"47":{"start":{"line":184,"column":8},"end":{"line":184,"column":56}},"48":{"start":{"line":185,"column":8},"end":{"line":185,"column":48}},"49":{"start":{"line":187,"column":8},"end":{"line":187,"column":8908}},"50":{"start":{"line":188,"column":12},"end":{"line":188,"column":39}},"51":{"start":{"line":189,"column":12},"end":{"line":189,"column":82}},"52":{"start":{"line":192,"column":12},"end":{"line":192,"column":80}},"53":{"start":{"line":196,"column":8},"end":{"line":196,"column":22}},"54":{"start":{"line":202,"column":8},"end":{"line":202,"column":56}},"55":{"start":{"line":203,"column":8},"end":{"line":203,"column":20}},"56":{"start":{"line":210,"column":8},"end":{"line":210,"column":68}}},"branchMap":{"1":{"line":17,"type":"if","locations":[{"start":{"line":17,"column":8},"end":{"line":17,"column":8}},{"start":{"line":17,"column":8},"end":{"line":17,"column":8}}]},"2":{"line":22,"type":"if","locations":[{"start":{"line":22,"column":8},"end":{"line":22,"column":8}},{"start":{"line":22,"column":8},"end":{"line":22,"column":8}}]},"3":{"line":27,"type":"if","locations":[{"start":{"line":27,"column":8},"end":{"line":27,"column":8}},{"start":{"line":27,"column":8},"end":{"line":27,"column":8}}]},"4":{"line":27,"type":"cond-expr","locations":[{"start":{"line":27,"column":16},"end":{"line":27,"column":45}},{"start":{"line":27,"column":50},"end":{"line":27,"column":68}}]},"5":{"line":47,"type":"if","locations":[{"start":{"line":47,"column":8},"end":{"line":47,"column":8}},{"start":{"line":47,"column":8},"end":{"line":47,"column":8}}]},"6":{"line":66,"type":"if","locations":[{"start":{"line":66,"column":82},"end":{"line":66,"column":82}},{"start":{"line":66,"column":82},"end":{"line":66,"column":82}}]},"7":{"line":67,"type":"if","locations":[{"start":{"line":67,"column":8},"end":{"line":67,"column":8}},{"start":{"line":67,"column":8},"end":{"line":67,"column":8}}]},"8":{"line":75,"type":"if","locations":[{"start":{"line":75,"column":8},"end":{"line":75,"column":8}},{"start":{"line":75,"column":8},"end":{"line":75,"column":8}}]},"9":{"line":80,"type":"if","locations":[{"start":{"line":80,"column":44},"end":{"line":80,"column":44}},{"start":{"line":80,"column":44},"end":{"line":80,"column":44}}]},"10":{"line":80,"type":"if","locations":[{"start":{"line":80,"column":58},"end":{"line":80,"column":58}},{"start":{"line":80,"column":58},"end":{"line":80,"column":58}}]},"11":{"line":83,"type":"if","locations":[{"start":{"line":83,"column":8},"end":{"line":83,"column":8}},{"start":{"line":83,"column":8},"end":{"line":83,"column":8}}]},"12":{"line":87,"type":"if","locations":[{"start":{"line":87,"column":8},"end":{"line":87,"column":8}},{"start":{"line":87,"column":8},"end":{"line":87,"column":8}}]},"13":{"line":95,"type":"if","locations":[{"start":{"line":95,"column":8},"end":{"line":95,"column":8}},{"start":{"line":95,"column":8},"end":{"line":95,"column":8}}]},"14":{"line":96,"type":"if","locations":[{"start":{"line":96,"column":12},"end":{"line":96,"column":12}},{"start":{"line":96,"column":12},"end":{"line":96,"column":12}}]},"15":{"line":105,"type":"if","locations":[{"start":{"line":105,"column":67},"end":{"line":105,"column":67}},{"start":{"line":105,"column":67},"end":{"line":105,"column":67}}]},"16":{"line":107,"type":"if","locations":[{"start":{"line":107,"column":8},"end":{"line":107,"column":8}},{"start":{"line":107,"column":8},"end":{"line":107,"column":8}}]},"17":{"line":114,"type":"if","locations":[{"start":{"line":114,"column":67},"end":{"line":114,"column":67}},{"start":{"line":114,"column":67},"end":{"line":114,"column":67}}]},"18":{"line":114,"type":"if","locations":[{"start":{"line":114,"column":81},"end":{"line":114,"column":81}},{"start":{"line":114,"column":81},"end":{"line":114,"column":81}}]},"19":{"line":114,"type":"if","locations":[{"start":{"line":114,"column":108},"end":{"line":114,"column":108}},{"start":{"line":114,"column":108},"end":{"line":114,"column":108}}]},"20":{"line":116,"type":"if","locations":[{"start":{"line":116,"column":8},"end":{"line":116,"column":8}},{"start":{"line":116,"column":8},"end":{"line":116,"column":8}}]},"21":{"line":121,"type":"if","locations":[{"start":{"line":121,"column":14},"end":{"line":121,"column":62}},{"start":{"line":122,"column":14},"end":{"line":122,"column":63}}]},"22":{"line":124,"type":"if","locations":[{"start":{"line":124,"column":8},"end":{"line":124,"column":8}},{"start":{"line":124,"column":8},"end":{"line":124,"column":8}}]},"23":{"line":128,"type":"if","locations":[{"start":{"line":128,"column":8},"end":{"line":128,"column":8}},{"start":{"line":128,"column":8},"end":{"line":128,"column":8}}]},"24":{"line":137,"type":"if","locations":[{"start":{"line":137,"column":14},"end":{"line":137,"column":90}},{"start":{"line":138,"column":14},"end":{"line":138,"column":92}}]},"25":{"line":140,"type":"if","locations":[{"start":{"line":140,"column":8},"end":{"line":140,"column":8}},{"start":{"line":140,"column":8},"end":{"line":140,"column":8}}]},"26":{"line":141,"type":"if","locations":[{"start":{"line":141,"column":12},"end":{"line":141,"column":12}},{"start":{"line":141,"column":12},"end":{"line":141,"column":12}}]},"27":{"line":144,"type":"if","locations":[{"start":{"line":144,"column":12},"end":{"line":144,"column":12}},{"start":{"line":144,"column":12},"end":{"line":144,"column":12}}]},"28":{"line":153,"type":"if","locations":[{"start":{"line":153,"column":80},"end":{"line":153,"column":80}},{"start":{"line":153,"column":80},"end":{"line":153,"column":80}}]},"29":{"line":156,"type":"if","locations":[{"start":{"line":156,"column":8},"end":{"line":156,"column":8}},{"start":{"line":156,"column":8},"end":{"line":156,"column":8}}]},"30":{"line":171,"type":"if","locations":[{"start":{"line":171,"column":74},"end":{"line":171,"column":74}},{"start":{"line":171,"column":74},"end":{"line":171,"column":74}}]},"31":{"line":171,"type":"if","locations":[{"start":{"line":171,"column":84},"end":{"line":171,"column":84}},{"start":{"line":171,"column":84},"end":{"line":171,"column":84}}]},"32":{"line":172,"type":"if","locations":[{"start":{"line":172,"column":8},"end":{"line":172,"column":8}},{"start":{"line":172,"column":8},"end":{"line":172,"column":8}}]},"33":{"line":183,"type":"if","locations":[{"start":{"line":183,"column":96},"end":{"line":183,"column":96}},{"start":{"line":183,"column":96},"end":{"line":183,"column":96}}]},"34":{"line":183,"type":"if","locations":[{"start":{"line":183,"column":106},"end":{"line":183,"column":106}},{"start":{"line":183,"column":106},"end":{"line":183,"column":106}}]},"35":{"line":184,"type":"if","locations":[{"start":{"line":184,"column":8},"end":{"line":184,"column":8}},{"start":{"line":184,"column":8},"end":{"line":184,"column":8}}]},"36":{"line":187,"type":"if","locations":[{"start":{"line":187,"column":8},"end":{"line":187,"column":8}},{"start":{"line":187,"column":8},"end":{"line":187,"column":8}}]},"37":{"line":201,"type":"if","locations":[{"start":{"line":201,"column":46},"end":{"line":201,"column":46}},{"start":{"line":201,"column":46},"end":{"line":201,"column":46}}]},"38":{"line":209,"type":"if","locations":[{"start":{"line":209,"column":77},"end":{"line":209,"column":77}},{"start":{"line":209,"column":77},"end":{"line":209,"column":77}}]},"39":{"line":209,"type":"if","locations":[{"start":{"line":209,"column":87},"end":{"line":209,"column":87}},{"start":{"line":209,"column":87},"end":{"line":209,"column":87}}]},"40":{"line":210,"type":"if","locations":[{"start":{"line":210,"column":8},"end":{"line":210,"column":8}},{"start":{"line":210,"column":8},"end":{"line":210,"column":8}}]},"41":{"line":216,"type":"if","locations":[{"start":{"line":216,"column":35},"end":{"line":216,"column":35}},{"start":{"line":216,"column":35},"end":{"line":216,"column":35}}]}}},"contracts\\safe\\safeusdt.sol":{"l":{"16":0,"23":0,"30":0,"34":0,"35":0,"36":0,"48":0,"49":0,"54":0,"55":0,"56":0,"57":0,"62":0},"path":"C:\\Project\\PresaleSC\\contracts\\safe\\safeusdt.sol","s":{"1":0,"2":0,"3":0,"4":0,"5":0,"6":0,"7":0,"8":0,"9":0,"10":0},"b":{"1":[0,0],"2":[0,0],"3":[0,0]},"f":{"1":0,"2":0,"3":0,"4":0,"5":0},"fnMap":{"1":{"name":"safeTransfer","line":15,"loc":{"start":{"line":15,"column":4},"end":{"line":17,"column":4}}},"2":{"name":"trySafeTransfer","line":22,"loc":{"start":{"line":22,"column":4},"end":{"line":24,"column":4}}},"3":{"name":"trySafeTransferFrom","line":29,"loc":{"start":{"line":29,"column":4},"end":{"line":31,"column":4}}},"4":{"name":"_callOptionalReturn","line":33,"loc":{"start":{"line":33,"column":4},"end":{"line":51,"column":4}}},"5":{"name":"_callOptionalReturnBool","line":53,"loc":{"start":{"line":53,"column":4},"end":{"line":63,"column":4}}}},"statementMap":{"1":{"start":{"line":16,"column":8},"end":{"line":16,"column":76}},"2":{"start":{"line":23,"column":8},"end":{"line":23,"column":88}},"3":{"start":{"line":30,"column":8},"end":{"line":30,"column":98}},"4":{"start":{"line":34,"column":8},"end":{"line":34,"column":26}},"5":{"start":{"line":35,"column":8},"end":{"line":35,"column":27}},"6":{"start":{"line":48,"column":8},"end":{"line":48,"column":1667}},"7":{"start":{"line":54,"column":8},"end":{"line":54,"column":20}},"8":{"start":{"line":55,"column":8},"end":{"line":55,"column":26}},"9":{"start":{"line":56,"column":8},"end":{"line":56,"column":27}},"10":{"start":{"line":62,"column":8},"end":{"line":62,"column":95}}},"branchMap":{"1":{"line":48,"type":"if","locations":[{"start":{"line":48,"column":8},"end":{"line":48,"column":8}},{"start":{"line":48,"column":8},"end":{"line":48,"column":8}}]},"2":{"line":48,"type":"if","locations":[{"start":{"line":48,"column":30},"end":{"line":48,"column":60}},{"start":{"line":48,"column":64},"end":{"line":48,"column":79}}]},"3":{"line":62,"type":"if","locations":[{"start":{"line":62,"column":45},"end":{"line":62,"column":74}},{"start":{"line":62,"column":78},"end":{"line":62,"column":93}}]}}},"contracts\\tests\\dummy_erc20.sol":{"l":{"9":34},"path":"C:\\Project\\PresaleSC\\contracts\\tests\\dummy_erc20.sol","s":{"1":34},"b":{},"f":{"1":34},"fnMap":{"1":{"name":"constructor","line":7,"loc":{"start":{"line":7,"column":4},"end":{"line":10,"column":4}}}},"statementMap":{"1":{"start":{"line":9,"column":8},"end":{"line":9,"column":55}}},"branchMap":{}},"contracts\\tests\\dummy_faulty1_presale.sol":{"l":{"15":1,"16":1,"20":0,"21":0,"25":0,"26":0,"44":1,"45":1,"46":1,"47":1,"52":1,"58":0,"65":1,"66":1,"68":1,"70":1,"72":1,"74":1,"75":0,"76":0,"82":1,"84":1,"85":0,"86":0,"88":1},"path":"C:\\Project\\PresaleSC\\contracts\\tests\\dummy_faulty1_presale.sol","s":{"1":1,"2":0,"3":0,"4":1,"5":1,"6":0,"7":1,"8":1,"9":1,"10":1,"11":1,"12":1,"13":1,"14":1,"15":0,"16":0},"b":{"1":[1,0],"2":[0,0],"3":[0,0],"4":[0,0],"5":[1,0],"6":[1,0],"7":[1,0],"8":[1,0],"9":[1,0],"10":[1,0],"11":[0,1],"12":[0,1]},"f":{"1":1,"2":0,"3":0,"4":1,"5":1,"6":0,"7":1},"fnMap":{"1":{"name":"presaleActive","line":14,"loc":{"start":{"line":14,"column":4},"end":{"line":17,"column":4}}},"2":{"name":"onlyReceivingAccount","line":19,"loc":{"start":{"line":19,"column":4},"end":{"line":22,"column":4}}},"3":{"name":"onlyReceivingAccountOrOwner","line":24,"loc":{"start":{"line":24,"column":4},"end":{"line":27,"column":4}}},"4":{"name":"constructor","line":43,"loc":{"start":{"line":43,"column":4},"end":{"line":48,"column":4}}},"5":{"name":"availableForSale","line":51,"loc":{"start":{"line":51,"column":4},"end":{"line":53,"column":4}}},"6":{"name":"isActive","line":57,"loc":{"start":{"line":57,"column":4},"end":{"line":59,"column":4}}},"7":{"name":"exchangeToken","line":64,"loc":{"start":{"line":64,"column":4},"end":{"line":90,"column":4}}}},"statementMap":{"1":{"start":{"line":15,"column":8},"end":{"line":15,"column":94}},"2":{"start":{"line":20,"column":8},"end":{"line":20,"column":52}},"3":{"start":{"line":25,"column":8},"end":{"line":25,"column":75}},"4":{"start":{"line":45,"column":8},"end":{"line":45,"column":76}},"5":{"start":{"line":52,"column":8},"end":{"line":52,"column":55}},"6":{"start":{"line":58,"column":8},"end":{"line":58,"column":86}},"7":{"start":{"line":65,"column":8},"end":{"line":65,"column":50}},"8":{"start":{"line":66,"column":8},"end":{"line":66,"column":62}},"9":{"start":{"line":68,"column":8},"end":{"line":68,"column":44}},"10":{"start":{"line":70,"column":8},"end":{"line":70,"column":93}},"11":{"start":{"line":72,"column":8},"end":{"line":72,"column":68}},"12":{"start":{"line":74,"column":8},"end":{"line":74,"column":3091}},"13":{"start":{"line":82,"column":8},"end":{"line":82,"column":102}},"14":{"start":{"line":84,"column":8},"end":{"line":84,"column":3606}},"15":{"start":{"line":85,"column":12},"end":{"line":85,"column":74}},"16":{"start":{"line":86,"column":12},"end":{"line":86,"column":69}}},"branchMap":{"1":{"line":15,"type":"if","locations":[{"start":{"line":15,"column":8},"end":{"line":15,"column":8}},{"start":{"line":15,"column":8},"end":{"line":15,"column":8}}]},"2":{"line":20,"type":"if","locations":[{"start":{"line":20,"column":8},"end":{"line":20,"column":8}},{"start":{"line":20,"column":8},"end":{"line":20,"column":8}}]},"3":{"line":25,"type":"if","locations":[{"start":{"line":25,"column":8},"end":{"line":25,"column":8}},{"start":{"line":25,"column":8},"end":{"line":25,"column":8}}]},"4":{"line":25,"type":"cond-expr","locations":[{"start":{"line":25,"column":16},"end":{"line":25,"column":45}},{"start":{"line":25,"column":50},"end":{"line":25,"column":68}}]},"5":{"line":45,"type":"if","locations":[{"start":{"line":45,"column":8},"end":{"line":45,"column":8}},{"start":{"line":45,"column":8},"end":{"line":45,"column":8}}]},"6":{"line":64,"type":"if","locations":[{"start":{"line":64,"column":67},"end":{"line":64,"column":67}},{"start":{"line":64,"column":67},"end":{"line":64,"column":67}}]},"7":{"line":64,"type":"if","locations":[{"start":{"line":64,"column":81},"end":{"line":64,"column":81}},{"start":{"line":64,"column":81},"end":{"line":64,"column":81}}]},"8":{"line":64,"type":"if","locations":[{"start":{"line":64,"column":108},"end":{"line":64,"column":108}},{"start":{"line":64,"column":108},"end":{"line":64,"column":108}}]},"9":{"line":66,"type":"if","locations":[{"start":{"line":66,"column":8},"end":{"line":66,"column":8}},{"start":{"line":66,"column":8},"end":{"line":66,"column":8}}]},"10":{"line":70,"type":"if","locations":[{"start":{"line":70,"column":8},"end":{"line":70,"column":8}},{"start":{"line":70,"column":8},"end":{"line":70,"column":8}}]},"11":{"line":74,"type":"if","locations":[{"start":{"line":74,"column":8},"end":{"line":74,"column":8}},{"start":{"line":74,"column":8},"end":{"line":74,"column":8}}]},"12":{"line":84,"type":"if","locations":[{"start":{"line":84,"column":8},"end":{"line":84,"column":8}},{"start":{"line":84,"column":8},"end":{"line":84,"column":8}}]}}},"contracts\\tests\\dummy_stable.sol":{"l":{"9":1,"13":2},"path":"C:\\Project\\PresaleSC\\contracts\\tests\\dummy_stable.sol","s":{"1":1,"2":2},"b":{},"f":{"1":1,"2":2},"fnMap":{"1":{"name":"constructor","line":7,"loc":{"start":{"line":7,"column":4},"end":{"line":10,"column":4}}},"2":{"name":"decimals","line":12,"loc":{"start":{"line":12,"column":4},"end":{"line":14,"column":4}}}},"statementMap":{"1":{"start":{"line":9,"column":8},"end":{"line":9,"column":55}},"2":{"start":{"line":13,"column":8},"end":{"line":13,"column":16}}},"branchMap":{}}}